<!-- nothing in here, just used to test the start.config logic in ConfigTest.java -->
